[debug] [2026-04-23T06:57:09.390Z] ----------------------------------------------------------------------
[debug] [2026-04-23T06:57:09.392Z] Command:       C:\Program Files\nodejs\node.exe C:\Users\atish\AppData\Roaming\npm\node_modules\firebase-tools\lib\bin\firebase.js init hosting
[debug] [2026-04-23T06:57:09.393Z] CLI Version:   15.15.0
[debug] [2026-04-23T06:57:09.393Z] Platform:      win32
[debug] [2026-04-23T06:57:09.393Z] Node Version:  v24.12.0
[debug] [2026-04-23T06:57:09.393Z] Time:          Thu Apr 23 2026 12:27:09 GMT+0530 (India Standard Time)
[debug] [2026-04-23T06:57:09.393Z] ----------------------------------------------------------------------
[debug] 
[debug] [2026-04-23T06:57:09.395Z] >>> [apiv2][query] GET https://firebase-public.firebaseio.com/cli.json [none]
[info] 
     ######## #### ########  ######## ########     ###     ######  ########
     ##        ##  ##     ## ##       ##     ##  ##   ##  ##       ##
     ######    ##  ########  ######   ########  #########  ######  ######
     ##        ##  ##    ##  ##       ##     ## ##     ##       ## ##
     ##       #### ##     ## ######## ########  ##     ##  ######  ########

You're about to initialize a Firebase project in this directory:

  D:\projects\Personal\Web - TRC

[debug] [2026-04-23T06:57:10.977Z] <<< [apiv2][status] GET https://firebase-public.firebaseio.com/cli.json 200
[debug] [2026-04-23T06:57:10.978Z] <<< [apiv2][body] GET https://firebase-public.firebaseio.com/cli.json {"cloudBuildErrorAfter":1594252800000,"cloudBuildWarnAfter":1590019200000,"defaultNode10After":1594252800000,"minVersion":"3.0.5","node8DeploysDisabledAfter":1613390400000,"node8RuntimeDisabledAfter":1615809600000,"node8WarnAfter":1600128000000}
[info] 
=== Project Setup
[info] 
[info] First, let's associate this project directory with a Firebase project.
[info] You can create multiple project aliases by running firebase use --add, 
[info] 
[info] i  If you want to create a project in a Google Cloud organization or folder, please use "firebase projects:create" instead, and return to this command when you've created the project. 
[debug] [2026-04-23T06:59:12.229Z] > command requires scopes: ["email","openid","https://www.googleapis.com/auth/cloudplatformprojects.readonly","https://www.googleapis.com/auth/firebase","https://www.googleapis.com/auth/cloud-platform"]
[debug] [2026-04-23T06:59:12.229Z] > authorizing via signed-in user (katish752@gmail.com)
